<?xml version="1.0" encoding="UTF-8"?>
<!DOCTYPE log4j:configuration SYSTEM "log4j.dtd">
<!-- ===================================================================== -->
<!--                                                                       -->
<!--  Log4j Configuration                                                  -->
<!--                                                                       -->
<!-- ===================================================================== -->
<!-- $Id: log4j.xml,v 1.26.2.10 2006/04/21 17:29:20 csuconic Exp $ -->
<!--
   | For more configuration infromation and examples see the Jakarta Log4j
	   | owebsite: <a href="http://jakarta.apache.org/log4j" target="_blank" rel="nofollow">http://jakarta.apache.org/log4j</a>
		 -->
<log4j:configuration xmlns:log4j="http://jakarta.apache.org/log4j/" debug="false">
  <!-- ================================= -->
  <!-- Preserve messages in a local file -->
  <!-- ================================= -->
  <!-- A time/date based rolling appender -->
  <appender name="FILE" class="org.jboss.logging.appender.DailyRollingFileAppender">
    <errorHandler class="org.jboss.logging.util.OnlyOnceErrorHandler"/>
    <param name="File" value="${log4jFile}/testlog.txt"/>
    <param name="Append" value="true"/>
    <!-- Rollover at midnight each day -->
    <param name="DatePattern" value="'.'yyyy-MM-dd"/>
    <!-- Rollover at the top of each hour
																			       <param name="DatePattern" value="'.'yyyy-MM-dd-HH"/>
																					       -->
    <layout class="org.apache.log4j.PatternLayout">
      <!-- The default pattern: Date Priority [Category] Message\n 
																												          <param name="ConversionPattern" value="%d %-5p [%C] %m%n"/>
																															 -->
      <!-- The full pattern: Date MS Priority [Category] (Thread:NDC) Message\n -->
      <param name="ConversionPattern" value="%d %-5r %-5p [%C] (%t:%x) %m%n"/>
    </layout>
  </appender>
  <!-- ============================== -->
  <!-- Append messages to the console -->
  <!-- ============================== -->
  <appender name="CONSOLE" class="org.apache.log4j.ConsoleAppender">
    <errorHandler class="org.jboss.logging.util.OnlyOnceErrorHandler"/>
    <param name="Target" value="System.out"/>
    <param name="Threshold" value="INFO"/>
    <layout class="org.apache.log4j.PatternLayout">
      <!-- The default pattern: Date Priority [Category] Message\n -->
      <param name="ConversionPattern" value="%d{ABSOLUTE} %-5p [%C] %m%n"/>
    </layout>
  </appender>
</log4j:configuration>
